[INFO  - 2017-07-19T12:48:57.110Z] GhostDriver - Main - running on port 28475
[INFO  - 2017-07-19T12:48:59.367Z] Session [a25c6f70-6c80-11e7-a335-1d037e91539a] - page.settings - {"XSSAuditingEnabled":false,"javascriptCanCloseWindows":true,"javascriptCanOpenWindows":true,"javascriptEnabled":true,"loadImages":true,"localToRemoteUrlAccessEnabled":false,"userAgent":"Mozilla/5.0 (Windows NT 6.1; WOW64) AppleWebKit/538.1 (KHTML, like Gecko) PhantomJS/2.1.1 Safari/538.1","webSecurityEnabled":true}
[INFO  - 2017-07-19T12:48:59.367Z] Session [a25c6f70-6c80-11e7-a335-1d037e91539a] - page.customHeaders:  - {}
[INFO  - 2017-07-19T12:48:59.367Z] Session [a25c6f70-6c80-11e7-a335-1d037e91539a] - Session.negotiatedCapabilities - {"browserName":"phantomjs","version":"2.1.1","driverName":"ghostdriver","driverVersion":"1.2.0","platform":"windows-7-32bit","javascriptEnabled":true,"takesScreenshot":true,"handlesAlerts":false,"databaseEnabled":false,"locationContextEnabled":false,"applicationCacheEnabled":false,"browserConnectionEnabled":false,"cssSelectorsEnabled":true,"webStorageEnabled":false,"rotatable":false,"acceptSslCerts":false,"nativeEvents":true,"proxy":{"proxyType":"direct"}}
[INFO  - 2017-07-19T12:48:59.367Z] SessionManagerReqHand - _postNewSessionCommand - New Session Created: a25c6f70-6c80-11e7-a335-1d037e91539a
[ERROR - 2017-07-19T12:48:59.367Z] RouterReqHand - _handle.error - {"name":"Missing Command Parameter","message":"{\"headers\":{\"Accept\":\"application/json\",\"Accept-Encoding\":\"identity\",\"Connection\":\"close\",\"Content-Length\":\"71\",\"Content-Type\":\"application/json;charset=UTF-8\",\"Host\":\"127.0.0.1:28475\",\"User-Agent\":\"Python http auth\"},\"httpVersion\":\"1.1\",\"method\":\"POST\",\"post\":\"{\\\"pageLoad\\\": 8000, \\\"sessionId\\\": \\\"a25c6f70-6c80-11e7-a335-1d037e91539a\\\"}\",\"url\":\"/timeouts\",\"urlParsed\":{\"anchor\":\"\",\"query\":\"\",\"file\":\"timeouts\",\"directory\":\"/\",\"path\":\"/timeouts\",\"relative\":\"/timeouts\",\"port\":\"\",\"host\":\"\",\"password\":\"\",\"user\":\"\",\"userInfo\":\"\",\"authority\":\"\",\"protocol\":\"\",\"source\":\"/timeouts\",\"queryKey\":{},\"chunks\":[\"timeouts\"]},\"urlOriginal\":\"/session/a25c6f70-6c80-11e7-a335-1d037e91539a/timeouts\"}","line":546,"sourceURL":"phantomjs://code/session_request_handler.js","stack":"_postTimeout@phantomjs://code/session_request_handler.js:546:73\n_handle@phantomjs://code/session_request_handler.js:148:25\n_reroute@phantomjs://code/request_handler.js:61:20\n_handle@phantomjs://code/router_request_handler.js:78:46"}

  phantomjs://platform/console++.js:263 in error
[ERROR - 2017-07-19T12:48:59.367Z] RouterReqHand - _handle.error - {"name":"Missing Command Parameter","message":"{\"headers\":{\"Accept\":\"application/json\",\"Accept-Encoding\":\"identity\",\"Connection\":\"close\",\"Content-Length\":\"72\",\"Content-Type\":\"application/json;charset=UTF-8\",\"Host\":\"127.0.0.1:28475\",\"User-Agent\":\"Python http auth\"},\"httpVersion\":\"1.1\",\"method\":\"POST\",\"post\":\"{\\\"pageLoad\\\": 20000, \\\"sessionId\\\": \\\"a25c6f70-6c80-11e7-a335-1d037e91539a\\\"}\",\"url\":\"/timeouts\",\"urlParsed\":{\"anchor\":\"\",\"query\":\"\",\"file\":\"timeouts\",\"directory\":\"/\",\"path\":\"/timeouts\",\"relative\":\"/timeouts\",\"port\":\"\",\"host\":\"\",\"password\":\"\",\"user\":\"\",\"userInfo\":\"\",\"authority\":\"\",\"protocol\":\"\",\"source\":\"/timeouts\",\"queryKey\":{},\"chunks\":[\"timeouts\"]},\"urlOriginal\":\"/session/a25c6f70-6c80-11e7-a335-1d037e91539a/timeouts\"}","line":546,"sourceURL":"phantomjs://code/session_request_handler.js","stack":"_postTimeout@phantomjs://code/session_request_handler.js:546:73\n_handle@phantomjs://code/session_request_handler.js:148:25\n_reroute@phantomjs://code/request_handler.js:61:20\n_handle@phantomjs://code/router_request_handler.js:78:46"}

  phantomjs://platform/console++.js:263 in error
[ERROR - 2017-07-19T12:48:59.491Z] RouterReqHand - _handle.error - {"name":"Missing Command Parameter","message":"{\"headers\":{\"Accept\":\"application/json\",\"Accept-Encoding\":\"identity\",\"Connection\":\"close\",\"Content-Length\":\"72\",\"Content-Type\":\"application/json;charset=UTF-8\",\"Host\":\"127.0.0.1:28475\",\"User-Agent\":\"Python http auth\"},\"httpVersion\":\"1.1\",\"method\":\"POST\",\"post\":\"{\\\"pageLoad\\\": 20000, \\\"sessionId\\\": \\\"a25c6f70-6c80-11e7-a335-1d037e91539a\\\"}\",\"url\":\"/timeouts\",\"urlParsed\":{\"anchor\":\"\",\"query\":\"\",\"file\":\"timeouts\",\"directory\":\"/\",\"path\":\"/timeouts\",\"relative\":\"/timeouts\",\"port\":\"\",\"host\":\"\",\"password\":\"\",\"user\":\"\",\"userInfo\":\"\",\"authority\":\"\",\"protocol\":\"\",\"source\":\"/timeouts\",\"queryKey\":{},\"chunks\":[\"timeouts\"]},\"urlOriginal\":\"/session/a25c6f70-6c80-11e7-a335-1d037e91539a/timeouts\"}","line":546,"sourceURL":"phantomjs://code/session_request_handler.js","stack":"_postTimeout@phantomjs://code/session_request_handler.js:546:73\n_handle@phantomjs://code/session_request_handler.js:148:25\n_reroute@phantomjs://code/request_handler.js:61:20\n_handle@phantomjs://code/router_request_handler.js:78:46"}

  phantomjs://platform/console++.js:263 in error
[ERROR - 2017-07-19T12:48:59.645Z] Session [a25c6f70-6c80-11e7-a335-1d037e91539a] - page.onError - msg: TypeError: undefined is not a constructor (evaluating 'jQuery110206039007438812405_1500468539367')

  phantomjs://platform/console++.js:263 in error
[ERROR - 2017-07-19T12:48:59.645Z] Session [a25c6f70-6c80-11e7-a335-1d037e91539a] - page.onError - stack:
  global code (https://sp0.baidu.com/5a1Fazu8AA54nxGko9WTAnF6hhy/su?wd=1&json=1&p=3&sid=1424_21113_17001&csor=1&cb=jQuery110206039007438812405_1500468539367&_=1500468539369:1)

  phantomjs://platform/console++.js:263 in error
[ERROR - 2017-07-19T12:48:59.645Z] Session [a25c6f70-6c80-11e7-a335-1d037e91539a] - page.onError - msg: TypeError: undefined is not a constructor (evaluating 'jQuery110206039007438812405_1500468539367')

  phantomjs://platform/console++.js:263 in error
[ERROR - 2017-07-19T12:48:59.645Z] Session [a25c6f70-6c80-11e7-a335-1d037e91539a] - page.onError - stack:
  global code (https://sp0.baidu.com/5a1Fazu8AA54nxGko9WTAnF6hhy/su?wd=12&json=1&p=3&sid=1424_21113_17001&csor=2&pwd=1&cb=jQuery110206039007438812405_1500468539367&_=1500468539370:1)

  phantomjs://platform/console++.js:263 in error
[ERROR - 2017-07-19T12:48:59.645Z] Session [a25c6f70-6c80-11e7-a335-1d037e91539a] - page.onError - msg: TypeError: undefined is not a constructor (evaluating 'jQuery110206039007438812405_1500468539367')

  phantomjs://platform/console++.js:263 in error
[ERROR - 2017-07-19T12:48:59.645Z] Session [a25c6f70-6c80-11e7-a335-1d037e91539a] - page.onError - stack:
  global code (https://sp0.baidu.com/5a1Fazu8AA54nxGko9WTAnF6hhy/su?wd=123&json=1&p=3&sid=1424_21113_17001&csor=3&pwd=12&cb=jQuery110206039007438812405_1500468539367&_=1500468539371:1)

  phantomjs://platform/console++.js:263 in error
